    Checking turn v0.4.0 (/Users/muyukanikizito/Turn/impl)
error: future cannot be sent between threads safely
   --> src/vm.rs:355:25
    |
355 | /                         tokio::task::spawn(async move {
356 | |                             new_process.run_process(reg_clone, new_rx).await;
357 | |                         });
    | |__________________________^ future created by async block is not `Send`
    |
    = note: cannot satisfy `impl Future<Output = ()>: Send`
note: future is not `Send` as it awaits another future which is not `Send`
   --> src/vm.rs:356:29
    |
356 | ...                   new_process.run_process(reg_clone, new_rx).await;
    |                       ^^^^^^^^^^^^^^^^^^^^^^^^^^^^^^^^^^^^^^^^^^ await occurs here on type `impl Future<Output = ()>`, which is not `Send`
note: required by a bound in `tokio::spawn`
   --> /Users/muyukanikizito/.cargo/registry/src/index.crates.io-1949cf8c6b5b557f/tokio-1.49.0/src/task/spawn.rs:171:21
    |
169 |     pub fn spawn<F>(future: F) -> JoinHandle<F::Output>
    |            ----- required by a bound in this function
170 |     where
171 |         F: Future + Send + 'static,
    |                     ^^^^ required by this bound in `spawn`

error: could not compile `turn` (lib) due to 1 previous error
